<?xml version="1.0" encoding="UTF-8"?>
<!-- Generated by org.testng.reporters.JUnitReportReporter -->
<testsuite hostname="DESKTOP-61BUFL3" failures="0" tests="1" name="test.EndToEndTest" time="2.325" errors="0" timestamp="11 Dec 2022 08:43:03 GMT" skipped="0">
  <testcase classname="test.EndToEndTest" name="test1" time="2.325"/>
</testsuite> <!-- test.EndToEndTest -->
