<?xml version="1.0" encoding="UTF-8"?>
<!-- Generated by org.testng.reporters.JUnitReportReporter -->
<testsuite hostname="DESKTOP-GKVRTSF" failures="0" tests="1" name="test.EndToEndTest" time="4.210" errors="0" timestamp="11 Dec 2022 06:54:16 GMT" skipped="0">
  <testcase classname="test.EndToEndTest" name="test1" time="4.210"/>
</testsuite> <!-- test.EndToEndTest -->
